2025-09-28 20:24:49.742 [COMUM] -> INFO: Iniciado monitoramento em C:\Users\jprab\Documents
2025-09-28 20:24:49.746 [COMUM] -> INFO: Iniciado monitoramento em C:\Users\jprab\OneDrive\Área de Trabalho
2025-09-28 20:39:22.748 [COMUM] -> INFO: Iniciado monitoramento em C:\Users\jprab\Documents
2025-09-28 20:39:22.752 [COMUM] -> INFO: Iniciado monitoramento em C:\Users\jprab\OneDrive\Área de Trabalho
2025-09-28 20:39:44.371 [COMUM] -> INFO: Iniciado monitoramento em C:\Users\jprab\Documents
2025-09-28 20:39:44.374 [COMUM] -> INFO: Iniciado monitoramento em C:\Users\jprab\OneDrive\Área de Trabalho
2025-09-28 20:39:44.537 [COMUM] -> INFO: Iniciado monitoramento em C:\Users\jprab\Documents
2025-09-28 20:39:44.541 [COMUM] -> INFO: Iniciado monitoramento em C:\Users\jprab\OneDrive\Área de Trabalho
2025-09-28 20:39:44.998 [COMUM] -> INFO: Iniciado monitoramento em C:\Users\jprab\Documents
2025-09-28 20:39:45.004 [COMUM] -> INFO: Iniciado monitoramento em C:\Users\jprab\OneDrive\Área de Trabalho
2025-09-28 20:41:05.195 [COMUM] -> INFO: Iniciado monitoramento em C:\Users\jprab\Documents
2025-09-28 20:41:05.199 [COMUM] -> INFO: Iniciado monitoramento em C:\Users\jprab\OneDrive\Área de Trabalho
2025-09-28 20:41:20.336 [COMUM] -> Criado:    C:\Users\jprab\OneDrive\Área de Trabalho\attacks
2025-09-28 20:41:26.353 [COMUM] -> Deletado:  C:\Users\jprab\OneDrive\Área de Trabalho\attacks
2025-09-28 20:42:04.952 [COMUM] -> INFO: Iniciado monitoramento em C:\Users\jprab\Documents
2025-09-28 20:42:04.956 [COMUM] -> INFO: Iniciado monitoramento em C:\Users\jprab\OneDrive\Área de Trabalho
2025-09-28 20:44:19.721 [COMUM] -> INFO: Iniciado monitoramento em C:\Users\jprab\Documents
2025-09-28 20:44:19.724 [COMUM] -> INFO: Iniciado monitoramento em C:\Users\jprab\OneDrive\Área de Trabalho
2025-09-28 20:44:21.987 [COMUM] -> INFO: Iniciado monitoramento em C:\Users\jprab\Documents
2025-09-28 20:44:21.990 [COMUM] -> INFO: Iniciado monitoramento em C:\Users\jprab\OneDrive\Área de Trabalho
2025-09-28 20:44:23.614 [COMUM] -> INFO: Iniciado monitoramento em C:\Users\jprab\Documents
2025-09-28 20:44:23.618 [COMUM] -> INFO: Iniciado monitoramento em C:\Users\jprab\OneDrive\Área de Trabalho
2025-09-28 20:45:20.831 [COMUM] -> INFO: Iniciado monitoramento em C:\Users\jprab\Documents
2025-09-28 20:45:20.834 [COMUM] -> INFO: Iniciado monitoramento em C:\Users\jprab\OneDrive\Área de Trabalho
2025-09-28 20:46:14.801 [COMUM] -> INFO: Iniciado monitoramento em C:\Users\jprab\Documents
2025-09-28 20:46:14.804 [COMUM] -> INFO: Iniciado monitoramento em C:\Users\jprab\OneDrive\Área de Trabalho
2025-09-28 20:46:22.594 [COMUM] -> INFO: Iniciado monitoramento em C:\Users\jprab\Documents
2025-09-28 20:46:22.598 [COMUM] -> INFO: Iniciado monitoramento em C:\Users\jprab\OneDrive\Área de Trabalho
2025-09-28 20:46:40.399 [COMUM] -> INFO: Iniciado monitoramento em C:\Users\jprab\Documents
2025-09-28 20:46:40.402 [COMUM] -> INFO: Iniciado monitoramento em C:\Users\jprab\OneDrive\Área de Trabalho
2025-09-28 20:46:44.546 [COMUM] -> Criado:    C:\Users\jprab\OneDrive\Área de Trabalho\Nova pasta
2025-09-28 20:46:50.394 [COMUM] -> Deletado:  C:\Users\jprab\OneDrive\Área de Trabalho\Nova pasta
2025-09-28 20:49:42.260 [COMUM] -> INFO: Iniciado monitoramento em C:\Users\jprab\Documents
2025-09-28 20:49:42.264 [COMUM] -> INFO: Iniciado monitoramento em C:\Users\jprab\OneDrive\Área de Trabalho
2025-09-28 20:53:17.919 [COMUM] -> INFO: Iniciado monitoramento em C:\Users\jprab\Documents
2025-09-28 20:53:17.922 [COMUM] -> INFO: Iniciado monitoramento em C:\Users\jprab\OneDrive\Área de Trabalho
2025-09-28 20:56:52.027 [COMUM] -> INFO: Iniciado monitoramento em C:\Users\jprab\Documents
2025-09-28 20:56:52.031 [COMUM] -> INFO: Iniciado monitoramento em C:\Users\jprab\OneDrive\Área de Trabalho
2025-09-28 20:56:59.749 [COMUM] -> Criado:    C:\Users\jprab\OneDrive\Área de Trabalho\R i386 3.2.2.lnk
2025-09-28 20:57:06.087 [COMUM] -> Criado:    C:\Users\jprab\OneDrive\Área de Trabalho\Nova pasta
2025-09-28 20:57:07.330 [COMUM] -> Renomeado: C:\Users\jprab\OneDrive\Área de Trabalho\Nova pasta -> C:\Users\jprab\OneDrive\Área de Trabalho\sdkfjsdbjf
2025-09-28 20:57:12.622 [COMUM] -> Deletado:  C:\Users\jprab\OneDrive\Área de Trabalho\sdkfjsdbjf
2025-09-28 20:57:39.628 [COMUM] -> INFO: Iniciado monitoramento em C:\Users\jprab\Documents
2025-09-28 20:57:39.631 [COMUM] -> INFO: Iniciado monitoramento em C:\Users\jprab\OneDrive\Área de Trabalho
2025-09-28 20:57:41.386 [COMUM] -> INFO: Iniciado monitoramento em C:\Users\jprab\Documents
2025-09-28 20:57:41.389 [COMUM] -> INFO: Iniciado monitoramento em C:\Users\jprab\OneDrive\Área de Trabalho
2025-09-28 20:57:42.174 [COMUM] -> INFO: Iniciado monitoramento em C:\Users\jprab\Documents
2025-09-28 20:57:42.177 [COMUM] -> INFO: Iniciado monitoramento em C:\Users\jprab\OneDrive\Área de Trabalho
2025-09-28 20:57:49.568 [COMUM] -> INFO: Iniciado monitoramento em C:\Users\jprab\Documents
2025-09-28 20:57:49.571 [COMUM] -> INFO: Iniciado monitoramento em C:\Users\jprab\OneDrive\Área de Trabalho
2025-09-28 20:57:50.949 [COMUM] -> INFO: Iniciado monitoramento em C:\Users\jprab\Documents
2025-09-28 20:57:50.952 [COMUM] -> INFO: Iniciado monitoramento em C:\Users\jprab\OneDrive\Área de Trabalho
2025-09-28 21:33:22.238 [COMUM] -> INFO: Iniciado monitoramento em C:\Users\jprab\Documents
2025-09-28 21:33:22.241 [COMUM] -> INFO: Iniciado monitoramento em C:\Users\jprab\OneDrive\Área de Trabalho
